>>> Log file: /home/pchaigno/agni/bpf-encodings/5.4/log_15_24_29_08_2024.log
>>> Log error file: /home/pchaigno/agni/bpf-encodings/5.4/log_err_15_24_29_08_2024.log
>>> Enterning kernel directory
>>>  ... done
HEAD is now at 219d54332a09 Linux 5.4
>>> Checkout kernel version v5.4
>>>  ... done
>>> Run make config and edit BPF flags
>>>  ... done
scripts/extract-cert.c: In function ‘display_openssl_errors’:
scripts/extract-cert.c:46:9: warning: ‘ERR_get_error_line’ is deprecated: Since OpenSSL 3.0 [-Wdeprecated-declarations]
   46 |         while ((e = ERR_get_error_line(&file, &line))) {
      |         ^~~~~
In file included from scripts/extract-cert.c:23:
/usr/include/openssl/err.h:411:15: note: declared here
  411 | unsigned long ERR_get_error_line(const char **file, int *line);
      |               ^~~~~~~~~~~~~~~~~~
scripts/extract-cert.c: In function ‘drain_openssl_errors’:
scripts/extract-cert.c:59:9: warning: ‘ERR_get_error_line’ is deprecated: Since OpenSSL 3.0 [-Wdeprecated-declarations]
   59 |         while (ERR_get_error_line(&file, &line)) {}
      |         ^~~~~
In file included from scripts/extract-cert.c:23:
/usr/include/openssl/err.h:411:15: note: declared here
  411 | unsigned long ERR_get_error_line(const char **file, int *line);
      |               ^~~~~~~~~~~~~~~~~~
scripts/extract-cert.c: In function ‘main’:
scripts/extract-cert.c:124:17: warning: ‘ENGINE_load_builtin_engines’ is deprecated: Since OpenSSL 3.0 [-Wdeprecated-declarations]
  124 |                 ENGINE_load_builtin_engines();
      |                 ^~~~~~~~~~~~~~~~~~~~~~~~~~~
In file included from scripts/extract-cert.c:24:
/usr/include/openssl/engine.h:358:28: note: declared here
  358 | OSSL_DEPRECATEDIN_3_0 void ENGINE_load_builtin_engines(void);
      |                            ^~~~~~~~~~~~~~~~~~~~~~~~~~~
scripts/extract-cert.c:126:17: warning: ‘ENGINE_by_id’ is deprecated: Since OpenSSL 3.0 [-Wdeprecated-declarations]
  126 |                 e = ENGINE_by_id("pkcs11");
      |                 ^
In file included from scripts/extract-cert.c:24:
/usr/include/openssl/engine.h:336:31: note: declared here
  336 | OSSL_DEPRECATEDIN_3_0 ENGINE *ENGINE_by_id(const char *id);
      |                               ^~~~~~~~~~~~
scripts/extract-cert.c:128:17: warning: ‘ENGINE_init’ is deprecated: Since OpenSSL 3.0 [-Wdeprecated-declarations]
  128 |                 if (ENGINE_init(e))
      |                 ^~
In file included from scripts/extract-cert.c:24:
/usr/include/openssl/engine.h:620:27: note: declared here
  620 | OSSL_DEPRECATEDIN_3_0 int ENGINE_init(ENGINE *e);
      |                           ^~~~~~~~~~~
scripts/extract-cert.c:133:25: warning: ‘ENGINE_ctrl_cmd_string’ is deprecated: Since OpenSSL 3.0 [-Wdeprecated-declarations]
  133 |                         ERR(!ENGINE_ctrl_cmd_string(e, "PIN", key_pass, 0), "Set PKCS#11 PIN");
      |                         ^~~
In file included from scripts/extract-cert.c:24:
/usr/include/openssl/engine.h:479:5: note: declared here
  479 | int ENGINE_ctrl_cmd_string(ENGINE *e, const char *cmd_name, const char *arg,
      |     ^~~~~~~~~~~~~~~~~~~~~~
scripts/extract-cert.c:134:17: warning: ‘ENGINE_ctrl_cmd’ is deprecated: Since OpenSSL 3.0 [-Wdeprecated-declarations]
  134 |                 ENGINE_ctrl_cmd(e, "LOAD_CERT_CTRL", 0, &parms, NULL, 1);
      |                 ^~~~~~~~~~~~~~~
In file included from scripts/extract-cert.c:24:
/usr/include/openssl/engine.h:450:27: note: declared here
  450 | OSSL_DEPRECATEDIN_3_0 int ENGINE_ctrl_cmd(ENGINE *e, const char *cmd_name,
      |                           ^~~~~~~~~~~~~~~
kernel/bpf/tnum.o: warning: objtool: missing symbol for section .text
>>> Extract compile flags for current kernel version
>>>  ... done
>>> Edit tnum.c and verifier.c to add wrappers
>>>  ... done
In file included from kernel/bpf/verifier.c:12:
In file included from ./include/linux/bpf_verifier.h:8:
In file included from ./include/linux/filter.h:25:
./include/net/sch_generic.h:453:23: warning: unused variable 'qcb' [-Wunused-variable]
        struct qdisc_skb_cb *qcb;
                             ^
kernel/bpf/verifier.c:4663:24: warning: unused variable 'regs' [-Wunused-variable]
        struct bpf_reg_state *regs = cur_regs(env);
                              ^
kernel/bpf/verifier.c:27:12: warning: unused function 'generic_fls___' [-Wunused-function]
static int generic_fls___(unsigned int x)
           ^
kernel/bpf/verifier.c:102:12: warning: unused function 'fls64___' [-Wunused-function]
static int fls64___(__u64 x)
           ^
4 warnings generated.
kernel/bpf/tnum.c:14:12: warning: unused function 'generic_fls___' [-Wunused-function]
static int generic_fls___(unsigned int x)
           ^
1 warning generated.
>>> Compile verifier.c and tnum.c
>>>  ... done
>>> Link verifier.ll and tnum.ll to single verifier_tnum.ll
>>>  ... done
>>> Prepare .config file for llvm-to-smt
>>>  ... done
