terminate called after throwing an instance of 'std::runtime_error'
  what():  [handleCastInst]bitcast instruction not supported

PLEASE submit a bug report to https://github.com/llvm/llvm-project/issues/ and include the crash backtrace.
Stack dump:
0.	Program arguments: /usr/bin/opt -load-pass-plugin /home/pchaigno/agni/llvm-to-smt/llvm-passes/LLVMToSMT/build/libLLVMToSMT.so --passes=print<llvm-to-smt> --disable-output /home/pchaigno/agni/bpf-encodings/5.4/BPF_ADD/BPF_ADD.O1.ffee.O1.rfc.O1.ivf.O1.pmc.O0.lfsh.ivf.ex.ll
 #0 0x000070274be3fd01 llvm::sys::PrintStackTrace(llvm::raw_ostream&, int) (/lib/x86_64-linux-gnu/libLLVM-14.so.1+0xe3fd01)
 #1 0x000070274be3da3e llvm::sys::RunSignalHandlers() (/lib/x86_64-linux-gnu/libLLVM-14.so.1+0xe3da3e)
 #2 0x000070274be40236 (/lib/x86_64-linux-gnu/libLLVM-14.so.1+0xe40236)
 #3 0x000070274a842520 (/lib/x86_64-linux-gnu/libc.so.6+0x42520)
 #4 0x000070274a8969fc __pthread_kill_implementation ./nptl/./nptl/pthread_kill.c:44:76
 #5 0x000070274a8969fc __pthread_kill_internal ./nptl/./nptl/pthread_kill.c:78:10
 #6 0x000070274a8969fc pthread_kill ./nptl/./nptl/pthread_kill.c:89:10
 #7 0x000070274a842476 gsignal ./signal/../sysdeps/posix/raise.c:27:6
 #8 0x000070274a8287f3 abort ./stdlib/./stdlib/abort.c:81:7
 #9 0x000070274aca2b9e (/lib/x86_64-linux-gnu/libstdc++.so.6+0xa2b9e)
#10 0x000070274acae20c (/lib/x86_64-linux-gnu/libstdc++.so.6+0xae20c)
#11 0x000070274acae277 (/lib/x86_64-linux-gnu/libstdc++.so.6+0xae277)
#12 0x000070274acae4d8 (/lib/x86_64-linux-gnu/libstdc++.so.6+0xae4d8)
#13 0x000070274ab7dd0d FunctionEncoder::handleCastInst(llvm::CastInst&) /home/pchaigno/agni/llvm-to-smt/llvm-passes/LLVMToSMT/FunctionEncoder.cpp:217:44
#14 0x000070274ab8b6df FunctionEncoder::populateBBAssertionsMap(llvm::BasicBlock&) /home/pchaigno/agni/llvm-to-smt/llvm-passes/LLVMToSMT/FunctionEncoder.cpp:2365:21
#15 0x000070274ab8c886 FunctionEncoder::encodeFunctionBody(llvm::Function&) /home/pchaigno/agni/llvm-to-smt/llvm-passes/LLVMToSMT/FunctionEncoder.cpp:2613:3
#16 0x000070274ab8ee51 FunctionEncoder::buildSMT() /home/pchaigno/agni/llvm-to-smt/llvm-passes/LLVMToSMT/FunctionEncoder.cpp:2962:54
#17 0x000070274abafe3f LLVMToSMT::run(llvm::Module&, llvm::AnalysisManager<llvm::Module>&) /home/pchaigno/agni/llvm-to-smt/llvm-passes/LLVMToSMT/LLVMToSMT.cpp:43:11
#18 0x000070274abc0b29 llvm::detail::AnalysisPassModel<llvm::Module, LLVMToSMT, llvm::PreservedAnalyses, llvm::AnalysisManager<llvm::Module>::Invalidator>::run(llvm::Module&, llvm::AnalysisManager<llvm::Module>&) /usr/include/llvm-14/llvm/IR/PassManagerInternal.h:324:65
#19 0x000070274bfb02f4 llvm::AnalysisManager<llvm::Module>::getResultImpl(llvm::AnalysisKey*, llvm::Module&) (/lib/x86_64-linux-gnu/libLLVM-14.so.1+0xfb02f4)
#20 0x000070274abb58e6 LLVMToSMT::Result& llvm::AnalysisManager<llvm::Module>::getResult<LLVMToSMT>(llvm::Module&) /usr/include/llvm-14/llvm/IR/PassManager.h:784:22
#21 0x000070274abb0396 LLVMToSMTPrinter::run(llvm::Module&, llvm::AnalysisManager<llvm::Module>&) /home/pchaigno/agni/llvm-to-smt/llvm-passes/LLVMToSMT/LLVMToSMT.cpp:91:50
#22 0x000070274abc0c1d llvm::detail::PassModel<llvm::Module, LLVMToSMTPrinter, llvm::PreservedAnalyses, llvm::AnalysisManager<llvm::Module> >::run(llvm::Module&, llvm::AnalysisManager<llvm::Module>&) /usr/include/llvm-14/llvm/IR/PassManagerInternal.h:89:3
#23 0x000070274bfad60e llvm::PassManager<llvm::Module, llvm::AnalysisManager<llvm::Module> >::run(llvm::Module&, llvm::AnalysisManager<llvm::Module>&) (/lib/x86_64-linux-gnu/libLLVM-14.so.1+0xfad60e)
#24 0x000000000042175f llvm::runPassPipeline(llvm::StringRef, llvm::Module&, llvm::TargetMachine*, llvm::TargetLibraryInfoImpl*, llvm::ToolOutputFile*, llvm::ToolOutputFile*, llvm::ToolOutputFile*, llvm::StringRef, llvm::ArrayRef<llvm::StringRef>, llvm::opt_tool::OutputKind, llvm::opt_tool::VerifierKind, bool, bool, bool, bool, bool) (/usr/bin/opt+0x42175f)
#25 0x0000000000434a6e main (/usr/bin/opt+0x434a6e)
#26 0x000070274a829d90 __libc_start_call_main ./csu/../sysdeps/nptl/libc_start_call_main.h:58:16
#27 0x000070274a829e40 call_init ./csu/../csu/libc-start.c:128:20
#28 0x000070274a829e40 __libc_start_main ./csu/../csu/libc-start.c:379:5
#29 0x000000000041a785 _start (/usr/bin/opt+0x41a785)
/home/pchaigno/agni/llvm-to-smt/llvm-passes/llvm_to_smt.sh: line 50: 52437 Aborted                 (core dumped) /usr/bin/opt -load-pass-plugin /home/pchaigno/agni/llvm-to-smt/llvm-passes/LLVMToSMT/build/libLLVMToSMT.so --passes="print<llvm-to-smt>" --disable-output /home/pchaigno/agni/bpf-encodings/5.4/BPF_ADD/BPF_ADD.O1.ffee.O1.rfc.O1.ivf.O1.pmc.O0.lfsh.ivf.ex.ll
